<?xml version="1.0" encoding="utf-8"?><testsuites name="pytest tests"><testsuite name="pytest" errors="0" failures="0" skipped="0" tests="22" time="13.293" timestamp="2026-07-07T15:19:12.623850+00:00" hostname="agent-env-8c4135ae-c676-4165-a73b-7cd6a44dbc56"><testcase classname="tests.test_language_features.TestIngestLanguageParam" name="test_ingest_text_with_language_persists_hint" time="0.511" /><testcase classname="tests.test_language_features.TestIngestLanguageParam" name="test_ingest_text_without_language_defaults_preserved" time="0.499" /><testcase classname="tests.test_language_features.TestIngestLanguageParam" name="test_ingest_url_with_language" time="0.731" /><testcase classname="tests.test_language_features.TestIngestLanguageParam" name="test_ingest_file_with_language_form_field" time="0.366" /><testcase classname="tests.test_language_features.TestLanguageSettings" name="test_patch_arbitrary_language_string_accepted[Swahili]" time="0.370" /><testcase classname="tests.test_language_features.TestLanguageSettings" name="test_patch_arbitrary_language_string_accepted[Zulu]" time="0.312" /><testcase classname="tests.test_language_features.TestLanguageSettings" name="test_patch_arbitrary_language_string_accepted[Yoruba]" time="0.350" /><testcase classname="tests.test_language_features.TestLanguageSettings" name="test_patch_arbitrary_language_string_accepted[zh]" time="0.443" /><testcase classname="tests.test_language_features.TestLanguageSettings" name="test_patch_arbitrary_language_string_accepted[M\u0101ori]" time="0.302" /><testcase classname="tests.test_language_features.TestLanguageSettings" name="test_empty_string_collapses_to_auto" time="0.311" /><testcase classname="tests.test_language_features.TestLanguageSettings" name="test_invalid_voice_still_rejected" time="0.200" /><testcase classname="tests.test_language_features.TestAnalyzeUsesProjectLanguage" name="test_analyze_returns_language_hint_from_project" time="0.316" /><testcase classname="tests.test_language_features.TestAnalyzeUsesProjectLanguage" name="test_analyze_body_overrides_project" time="0.663" /><testcase classname="tests.test_language_features.TestSceneNarrationEdit" name="test_edit_direct_narration_text" time="0.427" /><testcase classname="tests.test_language_features.TestSceneNarrationEdit" name="test_translate_via_language_only" time="1.726" /><testcase classname="tests.test_language_features.TestSceneNarrationEdit" name="test_empty_body_returns_400" time="0.266" /><testcase classname="tests.test_language_features.TestSceneNarrationEdit" name="test_invalid_scene_returns_404" time="0.220" /><testcase classname="tests.test_language_features.TestSceneNarrationEdit" name="test_invalid_project_returns_404" time="0.100" /><testcase classname="tests.test_language_features.TestNarrationLanguagePriority" name="test_narration_translates_when_language_differs" time="3.516" /><testcase classname="tests.test_language_features.TestTranslateHelperResilience" name="test_translate_returns_original_on_empty_target" time="1.545" /><testcase classname="tests.test_language_features.TestTranslateHelperResilience" name="test_translate_returns_original_on_auto" time="0.000" /><testcase classname="tests.test_language_features.TestTranslateHelperResilience" name="test_translate_returns_original_on_empty_text" time="0.000" /></testsuite></testsuites>