<?xml version="1.0" encoding="utf-8"?><testsuites name="pytest tests"><testsuite name="pytest" errors="0" failures="0" skipped="0" tests="22" time="18.477" timestamp="2026-07-07T15:20:05.232439+00:00" hostname="agent-env-8c4135ae-c676-4165-a73b-7cd6a44dbc56"><testcase classname="tests.test_backend.TestHealth" name="test_health" time="0.158" /><testcase classname="tests.test_backend.TestProjectCRUD" name="test_create_project" time="0.105" /><testcase classname="tests.test_backend.TestProjectCRUD" name="test_list_projects" time="0.103" /><testcase classname="tests.test_backend.TestProjectCRUD" name="test_get_missing_project" time="0.102" /><testcase classname="tests.test_backend.TestIngestion" name="test_ingest_text" time="0.221" /><testcase classname="tests.test_backend.TestIngestion" name="test_ingest_text_too_short" time="0.109" /><testcase classname="tests.test_backend.TestIngestion" name="test_ingest_url_wikipedia_regression" time="0.726" /><testcase classname="tests.test_backend.TestSettings" name="test_patch_settings_valid" time="0.339" /><testcase classname="tests.test_backend.TestSettings" name="test_patch_settings_invalid_voice" time="0.104" /><testcase classname="tests.test_backend.TestSettings" name="test_patch_settings_invalid_voice_model" time="0.110" /><testcase classname="tests.test_backend.TestSettings" name="test_patch_settings_missing_project" time="0.109" /><testcase classname="tests.test_backend.TestPaywall" name="test_storage_gates_final_film" time="0.536" /><testcase classname="tests.test_backend.TestPaywall" name="test_storage_allows_non_final" time="0.104" /><testcase classname="tests.test_backend.TestPaywall" name="test_film_without_unlock_returns_402" time="0.110" /><testcase classname="tests.test_backend.TestStripeCheckoutFloor" name="test_checkout_small_film_regression" time="0.948" /><testcase classname="tests.test_backend.TestStripeCheckoutFloor" name="test_checkout_status_unpaid" time="0.434" /><testcase classname="tests.test_backend.TestStripeCheckoutFloor" name="test_webhook_invalid_signature" time="0.097" /><testcase classname="tests.test_backend.TestPublishGallery" name="test_publish_unlocked_required" time="0.329" /><testcase classname="tests.test_backend.TestPublishGallery" name="test_unlock_then_publish_and_gallery" time="0.706" /><testcase classname="tests.test_backend.TestPublishGallery" name="test_tip_valid_and_bounds" time="11.962" /><testcase classname="tests.test_backend.TestPublishGallery" name="test_tip_status_unpaid_no_increment" time="0.641" /><testcase classname="tests.test_backend.TestPublishGallery" name="test_unpublish_removes_from_gallery" time="0.334" /></testsuite></testsuites>