<?xml version="1.0" encoding="utf-8"?><testsuites name="pytest tests"><testsuite name="pytest" errors="0" failures="2" skipped="1" tests="23" time="138.199" timestamp="2026-07-06T17:15:32.847939+00:00" hostname="agent-env-8c4135ae-c676-4165-a73b-7cd6a44dbc56"><testcase classname="backend.tests.test_backend.TestHealth" name="test_health" time="0.316" /><testcase classname="backend.tests.test_backend.TestHealth" name="test_cors_options" time="0.068" /><testcase classname="backend.tests.test_backend.TestProjectCRUD" name="test_create_project" time="0.107" /><testcase classname="backend.tests.test_backend.TestProjectCRUD" name="test_list_projects" time="0.126" /><testcase classname="backend.tests.test_backend.TestProjectCRUD" name="test_get_project" time="0.101" /><testcase classname="backend.tests.test_backend.TestProjectCRUD" name="test_get_missing_project" time="0.099" /><testcase classname="backend.tests.test_backend.TestIngestion" name="test_ingest_text" time="0.328" /><testcase classname="backend.tests.test_backend.TestIngestion" name="test_ingest_text_too_short" time="0.124" /><testcase classname="backend.tests.test_backend.TestIngestion" name="test_ingest_url_wikipedia" time="0.383"><failure message="Failed: BUG: Wikipedia URL ingestion returns 403 due to non-compliant User-Agent in ingestion.extract_from_url. Wikipedia requires a descriptive UA per their policy.">backend/tests/test_backend.py:174: in test_ingest_url_wikipedia
    pytest.fail(
E   Failed: BUG: Wikipedia URL ingestion returns 403 due to non-compliant User-Agent in ingestion.extract_from_url. Wikipedia requires a descriptive UA per their policy.</failure></testcase><testcase classname="backend.tests.test_backend.TestIngestion" name="test_ingest_url_generic" time="0.293" /><testcase classname="backend.tests.test_backend.TestAnalyze" name="test_analyze_blueprint" time="120.914" /><testcase classname="backend.tests.test_backend.TestAnalyze" name="test_public_url_analyze_times_out" time="0.280" /><testcase classname="backend.tests.test_backend.TestTTS" name="test_narration_smoke" time="2.728" /><testcase classname="backend.tests.test_backend.TestImage" name="test_scene_image_smoke" time="8.384" /><testcase classname="backend.tests.test_backend.TestPaywall" name="test_unlock_status_no_final" time="0.133" /><testcase classname="backend.tests.test_backend.TestPaywall" name="test_checkout_without_final_film" time="0.109" /><testcase classname="backend.tests.test_backend.TestPaywall" name="test_film_without_unlock_returns_402" time="0.873" /><testcase classname="backend.tests.test_backend.TestPaywall" name="test_storage_gates_final_film" time="0.100" /><testcase classname="backend.tests.test_backend.TestPaywall" name="test_storage_allows_non_final" time="0.098" /><testcase classname="backend.tests.test_backend.TestFreeTierAndPayment" name="test_free_eligible_then_claim_then_second_requires_payment" time="1.000"><failure message="Failed: BUG: /checkout for a low-priced film fails because ₹19 floor in payments.compute_price_inr is below Stripe's $0.50 minimum. Raise the floor to ~₹45 or gate small films via free tier only.">backend/tests/test_backend.py:429: in test_free_eligible_then_claim_then_second_requires_payment
    pytest.fail(
E   Failed: BUG: /checkout for a low-priced film fails because ₹19 floor in payments.compute_price_inr is below Stripe's $0.50 minimum. Raise the floor to ~₹45 or gate small films via free tier only.</failure></testcase><testcase classname="backend.tests.test_backend.TestFreeTierAndPayment" name="test_checkout_status_unpaid" time="0.000"><skipped type="pytest.skip" message="checkout not created">/app/backend/tests/test_backend.py:457: checkout not created</skipped></testcase><testcase classname="backend.tests.test_backend.TestFreeTierAndPayment" name="test_webhook_invalid_signature" time="0.101" /><testcase classname="backend.tests.test_backend.TestCheckoutHappyPath" name="test_checkout_large_film" time="1.373" /></testsuite></testsuites>